User belongs to experiment group 'pythonJediLSP'
User belongs to experiment group 'jupyterTestcf'
User belongs to experiment group 'pythonDiscoveryModuleWithoutWatcher'
User belongs to experiment group 'jupyterEnhancedDataViewer'
Error 2021-05-11 11:54:21: Exception while attempting zmq : [Error: /snap/core/current/usr/lib/x86_64-linux-gnu/libstdc++.so.6: version `GLIBCXX_3.4.22' not found (required by /home/joey/.vscode/extensions/ms-toolsai.jupyter-2021.6.811652604/out/client/node_modules/zeromq/prebuilds/linux-x64/electron.napi.glibc.node)
	at process.func [as dlopen] (electron/js2c/asar_bundle.js:5:1846)
	at Object.Module._extensions..node (internal/modules/cjs/loader.js:1185:18)
	at Object.func [as .node] (electron/js2c/asar_bundle.js:5:1846)
	at Module.load (internal/modules/cjs/loader.js:982:32)
	at Module._load (internal/modules/cjs/loader.js:823:14)
	at Function.f._load (electron/js2c/asar_bundle.js:5:12684)
	at Function.s._load (/snap/code/63/usr/share/code/resources/app/out/vs/workbench/services/extensions/node/extensionHostProcess.js:106:27816)
	at Function.S._load (/snap/code/63/usr/share/code/resources/app/out/vs/workbench/services/extensions/node/extensionHostProcess.js:106:24532)
	at Function.a._load (/snap/code/63/usr/share/code/resources/app/out/vs/workbench/services/extensions/node/extensionHostProcess.js:96:58822)
	at Module.require (internal/modules/cjs/loader.js:1006:19)
	at v (/snap/code/63/usr/share/code/resources/app/out/vs/loader.js:4:694)
	at load (/home/joey/.vscode/extensions/ms-toolsai.jupyter-2021.6.811652604/out/client/node_modules/node-gyp-build/index.js:21:10)
	at Object.<anonymous> (/home/joey/.vscode/extensions/ms-toolsai.jupyter-2021.6.811652604/out/client/node_modules/zeromq/lib/native.js:6:43)
	at Module.u._compile (/snap/code/63/usr/share/code/resources/app/out/vs/loader.js:4:1311)
	at Object.Module._extensions..js (internal/modules/cjs/loader.js:1155:10)
	at Module.load (internal/modules/cjs/loader.js:982:32)
	at Module._load (internal/modules/cjs/loader.js:823:14)
	at Function.f._load (electron/js2c/asar_bundle.js:5:12684)
	at Function.s._load (/snap/code/63/usr/share/code/resources/app/out/vs/workbench/services/extensions/node/extensionHostProcess.js:106:27816)
	at Function.S._load (/snap/code/63/usr/share/code/resources/app/out/vs/workbench/services/extensions/node/extensionHostProcess.js:106:24532)
	at Function.a._load (/snap/code/63/usr/share/code/resources/app/out/vs/workbench/services/extensions/node/extensionHostProcess.js:96:58822)
	at Module.require (internal/modules/cjs/loader.js:1006:19)
	at v (/snap/code/63/usr/share/code/resources/app/out/vs/loader.js:4:694)
	at Object.<anonymous> (/home/joey/.vscode/extensions/ms-toolsai.jupyter-2021.6.811652604/out/client/node_modules/zeromq/lib/index.js:3:16)
	at Module.u._compile (/snap/code/63/usr/share/code/resources/app/out/vs/loader.js:4:1311)
	at Object.Module._extensions..js (internal/modules/cjs/loader.js:1155:10)
	at Module.load (internal/modules/cjs/loader.js:982:32)
	at Module._load (internal/modules/cjs/loader.js:823:14)
	at Function.f._load (electron/js2c/asar_bundle.js:5:12684)
	at Function.s._load (/snap/code/63/usr/share/code/resources/app/out/vs/workbench/services/extensions/node/extensionHostProcess.js:106:27816)
	at Function.S._load (/snap/code/63/usr/share/code/resources/app/out/vs/workbench/services/extensions/node/extensionHostProcess.js:106:24532)
	at Function.a._load (/snap/code/63/usr/share/code/resources/app/out/vs/workbench/services/extensions/node/extensionHostProcess.js:96:58822)
	at Module.require (internal/modules/cjs/loader.js:1006:19)
	at v (/snap/code/63/usr/share/code/resources/app/out/vs/loader.js:4:694)
	at Object.<anonymous> (/home/joey/.vscode/extensions/ms-toolsai.jupyter-2021.6.811652604/out/client/extension.js:37:295963)
	at n (/home/joey/.vscode/extensions/ms-toolsai.jupyter-2021.6.811652604/out/client/extension.js:1:186)
	at d.zmqSupported (/home/joey/.vscode/extensions/ms-toolsai.jupyter-2021.6.811652604/out/client/extension.js:90:443665)
	at d.isSupportedForLocalLaunch (/home/joey/.vscode/extensions/ms-toolsai.jupyter-2021.6.811652604/out/client/extension.js:90:443315)
	at d.supported (/home/joey/.vscode/extensions/ms-toolsai.jupyter-2021.6.811652604/out/client/extension.js:90:443225)
	at Object.t.registerTypes (/home/joey/.vscode/extensions/ms-toolsai.jupyter-2021.6.811652604/out/client/extension.js:52:805731)
	at /home/joey/.vscode/extensions/ms-toolsai.jupyter-2021.6.811652604/out/client/extension.js:52:271349
	at processTicksAndRejections (internal/process/task_queues.js:93:5)
	at async /home/joey/.vscode/extensions/ms-toolsai.jupyter-2021.6.811652604/out/client/extension.js:37:823793
	at async t.activate (/home/joey/.vscode/extensions/ms-toolsai.jupyter-2021.6.811652604/out/client/extension.js:37:823480)]
Info 2021-05-11 11:54:21: id is 86328848-9f3e-479d-8232-48b14a5c452d
Info 2021-05-11 11:54:22: Found existing keyfile at /home/joey/.config/Code/User/globalStorage/ms-toolsai.jupyter/nbsecret
Info 2021-05-11 11:54:23: Search all interpreters /bin/python3, /usr/bin/python3
Info 2021-05-11 11:54:23: Cached data exists getEnvironmentVariables, <No Resource>
Info 2021-05-11 11:54:23: Cached data exists getEnvironmentVariables, <No Resource>
Info 2021-05-11 11:54:23: Cached data exists getEnvironmentVariables, <No Resource>
Info 2021-05-11 11:54:23: Process Execution: > /usr/bin/python3 ~/.vscode/extensions/ms-toolsai.jupyter-2021.6.811652604/pythonFiles/pyvsc-run-isolated.py pip list
> /usr/bin/python3 ~/.vscode/extensions/ms-toolsai.jupyter-2021.6.811652604/pythonFiles/pyvsc-run-isolated.py pip list
Info 2021-05-11 11:54:23: Process Execution: > /usr/bin/python3 ~/.vscode/extensions/ms-toolsai.jupyter-2021.6.811652604/pythonFiles/pyvsc-run-isolated.py pip list
> /usr/bin/python3 ~/.vscode/extensions/ms-toolsai.jupyter-2021.6.811652604/pythonFiles/pyvsc-run-isolated.py pip list
Info 2021-05-11 11:54:23: Process Execution: > /usr/bin/python3 ~/.vscode/extensions/ms-toolsai.jupyter-2021.6.811652604/pythonFiles/pyvsc-run-isolated.py -c "import jupyter"
> /usr/bin/python3 ~/.vscode/extensions/ms-toolsai.jupyter-2021.6.811652604/pythonFiles/pyvsc-run-isolated.py -c "import jupyter"
Info 2021-05-11 11:54:23: Process Execution: > /usr/bin/python3 ~/.vscode/extensions/ms-toolsai.jupyter-2021.6.811652604/pythonFiles/pyvsc-run-isolated.py -c "import jupyter"
> /usr/bin/python3 ~/.vscode/extensions/ms-toolsai.jupyter-2021.6.811652604/pythonFiles/pyvsc-run-isolated.py -c "import jupyter"
Info 2021-05-11 11:54:23: Process Execution: > /usr/bin/python3 ~/.vscode/extensions/ms-toolsai.jupyter-2021.6.811652604/pythonFiles/pyvsc-run-isolated.py -c "import notebook"
> /usr/bin/python3 ~/.vscode/extensions/ms-toolsai.jupyter-2021.6.811652604/pythonFiles/pyvsc-run-isolated.py -c "import notebook"
Info 2021-05-11 11:54:23: Process Execution: > /usr/bin/python3 ~/.vscode/extensions/ms-toolsai.jupyter-2021.6.811652604/pythonFiles/pyvsc-run-isolated.py -c "import notebook"
> /usr/bin/python3 ~/.vscode/extensions/ms-toolsai.jupyter-2021.6.811652604/pythonFiles/pyvsc-run-isolated.py -c "import notebook"
