Looking for git in: git
Using git 2.25.1 from git
> git rev-parse --git-dir
Open repository: /home/joey/Downloads/digit-recognition
> git status -z -u
> git check-ignore -v -z --stdin
> git symbolic-ref --short HEAD
> git for-each-ref --format=%(refname)%00%(upstream:short)%00%(objectname)%00%(upstream:track) refs/heads/master refs/remotes/master
> git for-each-ref --sort -committerdate --format %(refname) %(objectname) %(*objectname)
> git remote --verbose
Warning: Failed to watch ref '/home/joey/Downloads/digit-recognition/.git/refs/remotes/origin/master', is most likely packed.
> git config --get commit.template
> git show --textconv :model/neural_net.py
> git ls-files --stage -- /home/joey/Downloads/digit-recognition/model/neural_net.py
> git cat-file -s 67acf315313d19f13c0f3da2df7317ddaa3333bc
> git check-ignore -v -z --stdin
> git show --textconv :model/neural_net.py
> git ls-files --stage -- /home/joey/Downloads/digit-recognition/model/neural_net.py
> git cat-file -s 67acf315313d19f13c0f3da2df7317ddaa3333bc
> git show --textconv :model/neural_net.py
> git ls-files --stage -- /home/joey/Downloads/digit-recognition/model/neural_net.py
> git cat-file -s 67acf315313d19f13c0f3da2df7317ddaa3333bc
> git show --textconv :model/neural_net.py
> git ls-files --stage -- /home/joey/Downloads/digit-recognition/model/neural_net.py
> git cat-file -s 67acf315313d19f13c0f3da2df7317ddaa3333bc
> git show --textconv :model/neural_net.py
> git ls-files --stage -- /home/joey/Downloads/digit-recognition/model/neural_net.py
> git cat-file -s 67acf315313d19f13c0f3da2df7317ddaa3333bc
> git show --textconv :model/neural_net.py
> git ls-files --stage -- /home/joey/Downloads/digit-recognition/model/neural_net.py
> git cat-file -s 67acf315313d19f13c0f3da2df7317ddaa3333bc
> git show --textconv :model/neural_net.py
> git ls-files --stage -- /home/joey/Downloads/digit-recognition/model/neural_net.py
> git cat-file -s 67acf315313d19f13c0f3da2df7317ddaa3333bc
> git show --textconv :model/neural_net.py
> git ls-files --stage -- /home/joey/Downloads/digit-recognition/model/neural_net.py
> git cat-file -s 67acf315313d19f13c0f3da2df7317ddaa3333bc
> git show --textconv :model/neural_net.py
> git ls-files --stage -- /home/joey/Downloads/digit-recognition/model/neural_net.py
> git cat-file -s 67acf315313d19f13c0f3da2df7317ddaa3333bc
> git show --textconv :model/neural_net.py
> git ls-files --stage -- /home/joey/Downloads/digit-recognition/model/neural_net.py
> git cat-file -s 67acf315313d19f13c0f3da2df7317ddaa3333bc
> git show --textconv :model/neural_net.py
> git ls-files --stage -- /home/joey/Downloads/digit-recognition/model/neural_net.py
> git cat-file -s 67acf315313d19f13c0f3da2df7317ddaa3333bc
> git show --textconv :model/neural_net.py
> git ls-files --stage -- /home/joey/Downloads/digit-recognition/model/neural_net.py
> git cat-file -s 67acf315313d19f13c0f3da2df7317ddaa3333bc
> git show --textconv :model/neural_net.py
> git ls-files --stage -- /home/joey/Downloads/digit-recognition/model/neural_net.py
> git cat-file -s 67acf315313d19f13c0f3da2df7317ddaa3333bc
> git show --textconv :model/neural_net.py
> git ls-files --stage -- /home/joey/Downloads/digit-recognition/model/neural_net.py
> git cat-file -s 67acf315313d19f13c0f3da2df7317ddaa3333bc
> git show --textconv :model/neural_net.py
> git ls-files --stage -- /home/joey/Downloads/digit-recognition/model/neural_net.py
> git cat-file -s 67acf315313d19f13c0f3da2df7317ddaa3333bc
> git show --textconv :model/neural_net.py
> git ls-files --stage -- /home/joey/Downloads/digit-recognition/model/neural_net.py
> git cat-file -s 67acf315313d19f13c0f3da2df7317ddaa3333bc
