[2021-05-11 19:54:07.741] [exthost] [info] extension host started
[2021-05-11 19:54:07.914] [exthost] [info] ExtensionService#_doActivateExtension vscode.microsoft-authentication {"startup":false,"extensionId":{"value":"vscode.microsoft-authentication","_lower":"vscode.microsoft-authentication"},"activationEvent":"onAuthenticationRequest:microsoft"}
[2021-05-11 19:54:07.914] [exthost] [info] ExtensionService#loadCommonJSModule file:///snap/code/64/usr/share/code/resources/app/extensions/microsoft-authentication/dist/extension.js
[2021-05-11 19:54:07.985] [exthost] [info] ExtensionService#_doActivateExtension vscode.debug-auto-launch {"startup":true,"extensionId":{"value":"vscode.debug-auto-launch","_lower":"vscode.debug-auto-launch"},"activationEvent":"*"}
[2021-05-11 19:54:07.985] [exthost] [info] ExtensionService#loadCommonJSModule file:///snap/code/64/usr/share/code/resources/app/extensions/debug-auto-launch/dist/extension
[2021-05-11 19:54:07.990] [exthost] [info] ExtensionService#_doActivateExtension vscode.git {"startup":true,"extensionId":{"value":"vscode.github","_lower":"vscode.github"},"activationEvent":"*"}
[2021-05-11 19:54:07.990] [exthost] [info] ExtensionService#loadCommonJSModule file:///snap/code/64/usr/share/code/resources/app/extensions/git/dist/main
[2021-05-11 19:54:08.181] [exthost] [info] ExtensionService#_doActivateExtension vscode.github {"startup":true,"extensionId":{"value":"vscode.github","_lower":"vscode.github"},"activationEvent":"*"}
[2021-05-11 19:54:08.181] [exthost] [info] ExtensionService#loadCommonJSModule file:///snap/code/64/usr/share/code/resources/app/extensions/github/dist/extension.js
[2021-05-11 19:54:08.306] [exthost] [info] eager extensions activated
[2021-05-11 19:54:08.323] [exthost] [info] ExtensionService#_doActivateExtension ms-vscode.js-debug {"startup":false,"extensionId":{"value":"ms-vscode.js-debug","_lower":"ms-vscode.js-debug"},"activationEvent":"onCommand:extension.js-debug.clearAutoAttachVariables"}
[2021-05-11 19:54:08.323] [exthost] [info] ExtensionService#loadCommonJSModule file:///snap/code/64/usr/share/code/resources/app/extensions/ms-vscode.js-debug/src/extension.js
[2021-05-11 19:54:08.485] [exthost] [info] ExtensionService#_doActivateExtension vscode.emmet {"startup":false,"extensionId":{"value":"vscode.emmet","_lower":"vscode.emmet"},"activationEvent":"onStartupFinished"}
[2021-05-11 19:54:08.485] [exthost] [info] ExtensionService#loadCommonJSModule file:///snap/code/64/usr/share/code/resources/app/extensions/emmet/dist/node/emmetNodeMain
[2021-05-11 19:54:08.495] [exthost] [info] ExtensionService#_doActivateExtension vscode.merge-conflict {"startup":false,"extensionId":{"value":"vscode.merge-conflict","_lower":"vscode.merge-conflict"},"activationEvent":"onStartupFinished"}
[2021-05-11 19:54:08.495] [exthost] [info] ExtensionService#loadCommonJSModule file:///snap/code/64/usr/share/code/resources/app/extensions/merge-conflict/dist/mergeConflictMain
[2021-05-11 19:54:08.498] [exthost] [info] ExtensionService#_doActivateExtension vscode.testing-editor-contributions {"startup":false,"extensionId":{"value":"vscode.testing-editor-contributions","_lower":"vscode.testing-editor-contributions"},"activationEvent":"onStartupFinished"}
[2021-05-11 19:54:08.498] [exthost] [info] ExtensionService#loadCommonJSModule file:///snap/code/64/usr/share/code/resources/app/extensions/testing-editor-contributions/dist/extension.js
[2021-05-11 19:54:08.548] [exthost] [info] ExtensionService#_doActivateExtension vscode.github-authentication {"startup":false,"extensionId":{"value":"vscode.github-authentication","_lower":"vscode.github-authentication"},"activationEvent":"onAuthenticationRequest:github"}
[2021-05-11 19:54:08.548] [exthost] [info] ExtensionService#loadCommonJSModule file:///snap/code/64/usr/share/code/resources/app/extensions/github-authentication/dist/extension.js
[2021-05-11 19:54:13.952] [exthost] [info] ExtensionService#_doActivateExtension ms-toolsai.jupyter {"startup":false,"extensionId":{"value":"ms-toolsai.jupyter","_lower":"ms-toolsai.jupyter"},"activationEvent":"onLanguage:python"}
[2021-05-11 19:54:13.952] [exthost] [info] ExtensionService#loadCommonJSModule file:///home/joey/.vscode/extensions/ms-toolsai.jupyter-2021.6.832593372/out/client/extension
[2021-05-11 19:54:18.264] [exthost] [info] extension host terminating: received terminate message from renderer
[2021-05-11 19:54:19.273] [exthost] [info] exiting with code 0
[2021-05-11 19:54:19.916] [exthost] [info] extension host started
[2021-05-11 19:54:20.045] [exthost] [info] ExtensionService#_doActivateExtension vscode.microsoft-authentication {"startup":false,"extensionId":{"value":"vscode.microsoft-authentication","_lower":"vscode.microsoft-authentication"},"activationEvent":"onAuthenticationRequest:microsoft"}
[2021-05-11 19:54:20.045] [exthost] [info] ExtensionService#loadCommonJSModule file:///snap/code/64/usr/share/code/resources/app/extensions/microsoft-authentication/dist/extension.js
[2021-05-11 19:54:20.051] [exthost] [info] ExtensionService#_doActivateExtension ms-toolsai.jupyter {"startup":false,"extensionId":{"value":"ms-toolsai.jupyter","_lower":"ms-toolsai.jupyter"},"activationEvent":"onLanguage:python"}
[2021-05-11 19:54:20.051] [exthost] [info] ExtensionService#loadCommonJSModule file:///home/joey/.vscode/extensions/ms-toolsai.jupyter-2021.6.832593372/out/client/extension
[2021-05-11 19:54:20.283] [exthost] [info] ExtensionService#_doActivateExtension vscode.debug-auto-launch {"startup":true,"extensionId":{"value":"vscode.debug-auto-launch","_lower":"vscode.debug-auto-launch"},"activationEvent":"*"}
[2021-05-11 19:54:20.283] [exthost] [info] ExtensionService#loadCommonJSModule file:///snap/code/64/usr/share/code/resources/app/extensions/debug-auto-launch/dist/extension
[2021-05-11 19:54:20.285] [exthost] [info] ExtensionService#_doActivateExtension vscode.git {"startup":true,"extensionId":{"value":"vscode.github","_lower":"vscode.github"},"activationEvent":"*"}
[2021-05-11 19:54:20.285] [exthost] [info] ExtensionService#loadCommonJSModule file:///snap/code/64/usr/share/code/resources/app/extensions/git/dist/main
[2021-05-11 19:54:20.659] [exthost] [info] ExtensionService#_doActivateExtension vscode.github {"startup":true,"extensionId":{"value":"vscode.github","_lower":"vscode.github"},"activationEvent":"*"}
[2021-05-11 19:54:20.659] [exthost] [info] ExtensionService#loadCommonJSModule file:///snap/code/64/usr/share/code/resources/app/extensions/github/dist/extension.js
[2021-05-11 19:54:20.809] [exthost] [info] ExtensionService#_doActivateExtension ms-python.python {"startup":false,"extensionId":{"value":"ms-python.vscode-pylance","_lower":"ms-python.vscode-pylance"},"activationEvent":"onLanguage:python"}
[2021-05-11 19:54:20.809] [exthost] [info] ExtensionService#loadCommonJSModule file:///home/joey/.vscode/extensions/ms-python.python-2021.5.829140558/out/client/extension
[2021-05-11 19:54:21.077] [exthost] [info] ExtensionService#_doActivateExtension ms-vscode.js-debug {"startup":false,"extensionId":{"value":"ms-vscode.js-debug","_lower":"ms-vscode.js-debug"},"activationEvent":"onCommand:extension.js-debug.clearAutoAttachVariables"}
[2021-05-11 19:54:21.077] [exthost] [info] ExtensionService#loadCommonJSModule file:///snap/code/64/usr/share/code/resources/app/extensions/ms-vscode.js-debug/src/extension.js
[2021-05-11 19:54:21.313] [exthost] [info] ExtensionService#_doActivateExtension vscode.github-authentication {"startup":false,"extensionId":{"value":"vscode.github-authentication","_lower":"vscode.github-authentication"},"activationEvent":"onAuthenticationRequest:github"}
[2021-05-11 19:54:21.313] [exthost] [info] ExtensionService#loadCommonJSModule file:///snap/code/64/usr/share/code/resources/app/extensions/github-authentication/dist/extension.js
[2021-05-11 19:54:21.582] [exthost] [info] eager extensions activated
[2021-05-11 19:54:21.629] [exthost] [info] ExtensionService#_doActivateExtension ms-python.vscode-pylance {"startup":false,"extensionId":{"value":"ms-python.vscode-pylance","_lower":"ms-python.vscode-pylance"},"activationEvent":"onLanguage:python"}
[2021-05-11 19:54:21.629] [exthost] [info] ExtensionService#loadCommonJSModule file:///home/joey/.vscode/extensions/ms-python.vscode-pylance-2021.5.1/dist/extension.bundle.js
[2021-05-11 19:54:21.767] [exthost] [info] ExtensionService#_doActivateExtension vscode.emmet {"startup":false,"extensionId":{"value":"vscode.emmet","_lower":"vscode.emmet"},"activationEvent":"onStartupFinished"}
[2021-05-11 19:54:21.767] [exthost] [info] ExtensionService#loadCommonJSModule file:///snap/code/64/usr/share/code/resources/app/extensions/emmet/dist/node/emmetNodeMain
[2021-05-11 19:54:21.773] [exthost] [info] ExtensionService#_doActivateExtension vscode.merge-conflict {"startup":false,"extensionId":{"value":"vscode.merge-conflict","_lower":"vscode.merge-conflict"},"activationEvent":"onStartupFinished"}
[2021-05-11 19:54:21.773] [exthost] [info] ExtensionService#loadCommonJSModule file:///snap/code/64/usr/share/code/resources/app/extensions/merge-conflict/dist/mergeConflictMain
[2021-05-11 19:54:21.776] [exthost] [info] ExtensionService#_doActivateExtension vscode.testing-editor-contributions {"startup":false,"extensionId":{"value":"vscode.testing-editor-contributions","_lower":"vscode.testing-editor-contributions"},"activationEvent":"onStartupFinished"}
[2021-05-11 19:54:21.776] [exthost] [info] ExtensionService#loadCommonJSModule file:///snap/code/64/usr/share/code/resources/app/extensions/testing-editor-contributions/dist/extension.js
[2021-05-11 19:55:23.185] [exthost] [info] ExtensionService#_doActivateExtension vscode.configuration-editing {"startup":false,"extensionId":{"value":"vscode.configuration-editing","_lower":"vscode.configuration-editing"},"activationEvent":"onLanguage:jsonc"}
[2021-05-11 19:55:23.185] [exthost] [info] ExtensionService#loadCommonJSModule file:///snap/code/64/usr/share/code/resources/app/extensions/configuration-editing/dist/configurationEditingMain
[2021-05-11 19:55:23.190] [exthost] [info] ExtensionService#_doActivateExtension vscode.json-language-features {"startup":false,"extensionId":{"value":"vscode.json-language-features","_lower":"vscode.json-language-features"},"activationEvent":"onLanguage:jsonc"}
[2021-05-11 19:55:23.190] [exthost] [info] ExtensionService#loadCommonJSModule file:///snap/code/64/usr/share/code/resources/app/extensions/json-language-features/client/dist/node/jsonClientMain
[2021-05-11 19:55:23.239] [exthost] [info] ExtensionService#_doActivateExtension vscode.typescript-language-features {"startup":false,"extensionId":{"value":"vscode.typescript-language-features","_lower":"vscode.typescript-language-features"},"activationEvent":"onLanguage:jsonc"}
[2021-05-11 19:55:23.239] [exthost] [info] ExtensionService#loadCommonJSModule file:///snap/code/64/usr/share/code/resources/app/extensions/typescript-language-features/dist/extension
[2021-05-11 19:58:58.339] [exthost] [info] ExtensionService#_doActivateExtension vscode.extension-editing {"startup":false,"extensionId":{"value":"vscode.extension-editing","_lower":"vscode.extension-editing"},"activationEvent":"onLanguage:json"}
[2021-05-11 19:58:58.339] [exthost] [info] ExtensionService#loadCommonJSModule file:///snap/code/64/usr/share/code/resources/app/extensions/extension-editing/dist/extensionEditingMain
[2021-05-11 19:58:58.355] [exthost] [info] ExtensionService#_doActivateExtension vscode.npm {"startup":false,"extensionId":{"value":"vscode.npm","_lower":"vscode.npm"},"activationEvent":"onLanguage:json"}
[2021-05-11 19:58:58.355] [exthost] [info] ExtensionService#loadCommonJSModule file:///snap/code/64/usr/share/code/resources/app/extensions/npm/dist/npmMain
