[2021-05-11 07:34:32.170] [exthost] [info] extension host started
[2021-05-11 07:34:32.242] [exthost] [info] ExtensionService#_doActivateExtension vscode.microsoft-authentication {"startup":false,"extensionId":{"value":"vscode.microsoft-authentication","_lower":"vscode.microsoft-authentication"},"activationEvent":"onAuthenticationRequest:microsoft"}
[2021-05-11 07:34:32.242] [exthost] [info] ExtensionService#loadCommonJSModule file:///snap/code/63/usr/share/code/resources/app/extensions/microsoft-authentication/dist/extension.js
[2021-05-11 07:34:32.258] [exthost] [info] ExtensionService#_doActivateExtension vscode.debug-auto-launch {"startup":true,"extensionId":{"value":"vscode.debug-auto-launch","_lower":"vscode.debug-auto-launch"},"activationEvent":"*"}
[2021-05-11 07:34:32.258] [exthost] [info] ExtensionService#loadCommonJSModule file:///snap/code/63/usr/share/code/resources/app/extensions/debug-auto-launch/dist/extension
[2021-05-11 07:34:32.265] [exthost] [info] ExtensionService#_doActivateExtension vscode.git {"startup":true,"extensionId":{"value":"vscode.github","_lower":"vscode.github"},"activationEvent":"*"}
[2021-05-11 07:34:32.265] [exthost] [info] ExtensionService#loadCommonJSModule file:///snap/code/63/usr/share/code/resources/app/extensions/git/dist/main
[2021-05-11 07:34:32.389] [exthost] [info] ExtensionService#_doActivateExtension vscode.github {"startup":true,"extensionId":{"value":"vscode.github","_lower":"vscode.github"},"activationEvent":"*"}
[2021-05-11 07:34:32.389] [exthost] [info] ExtensionService#loadCommonJSModule file:///snap/code/63/usr/share/code/resources/app/extensions/github/dist/extension.js
[2021-05-11 07:34:32.393] [exthost] [info] ExtensionService#_doActivateExtension ms-vscode.js-debug {"startup":false,"extensionId":{"value":"ms-vscode.js-debug","_lower":"ms-vscode.js-debug"},"activationEvent":"onCommand:extension.js-debug.clearAutoAttachVariables"}
[2021-05-11 07:34:32.393] [exthost] [info] ExtensionService#loadCommonJSModule file:///snap/code/63/usr/share/code/resources/app/extensions/ms-vscode.js-debug/src/extension.js
[2021-05-11 07:34:32.677] [exthost] [info] eager extensions activated
[2021-05-11 07:34:32.702] [exthost] [info] ExtensionService#_doActivateExtension vscode.emmet {"startup":false,"extensionId":{"value":"vscode.emmet","_lower":"vscode.emmet"},"activationEvent":"onStartupFinished"}
[2021-05-11 07:34:32.702] [exthost] [info] ExtensionService#loadCommonJSModule file:///snap/code/63/usr/share/code/resources/app/extensions/emmet/dist/node/emmetNodeMain
[2021-05-11 07:34:32.713] [exthost] [info] ExtensionService#_doActivateExtension vscode.merge-conflict {"startup":false,"extensionId":{"value":"vscode.merge-conflict","_lower":"vscode.merge-conflict"},"activationEvent":"onStartupFinished"}
[2021-05-11 07:34:32.714] [exthost] [info] ExtensionService#loadCommonJSModule file:///snap/code/63/usr/share/code/resources/app/extensions/merge-conflict/dist/mergeConflictMain
[2021-05-11 07:34:32.717] [exthost] [info] ExtensionService#_doActivateExtension vscode.testing-editor-contributions {"startup":false,"extensionId":{"value":"vscode.testing-editor-contributions","_lower":"vscode.testing-editor-contributions"},"activationEvent":"onStartupFinished"}
[2021-05-11 07:34:32.717] [exthost] [info] ExtensionService#loadCommonJSModule file:///snap/code/63/usr/share/code/resources/app/extensions/testing-editor-contributions/dist/extension.js
[2021-05-11 07:34:32.741] [exthost] [info] ExtensionService#_doActivateExtension vscode.github-authentication {"startup":false,"extensionId":{"value":"vscode.github-authentication","_lower":"vscode.github-authentication"},"activationEvent":"onAuthenticationRequest:github"}
[2021-05-11 07:34:32.741] [exthost] [info] ExtensionService#loadCommonJSModule file:///snap/code/63/usr/share/code/resources/app/extensions/github-authentication/dist/extension.js
[2021-05-11 07:35:18.015] [exthost] [info] extension host terminating: received terminate message from renderer
[2021-05-11 07:35:19.021] [exthost] [info] exiting with code 0
[2021-05-11 07:35:19.559] [exthost] [info] extension host started
[2021-05-11 07:35:19.675] [exthost] [info] ExtensionService#_doActivateExtension vscode.microsoft-authentication {"startup":false,"extensionId":{"value":"vscode.microsoft-authentication","_lower":"vscode.microsoft-authentication"},"activationEvent":"onAuthenticationRequest:microsoft"}
[2021-05-11 07:35:19.681] [exthost] [info] ExtensionService#loadCommonJSModule file:///snap/code/63/usr/share/code/resources/app/extensions/microsoft-authentication/dist/extension.js
[2021-05-11 07:35:19.706] [exthost] [info] ExtensionService#_doActivateExtension vscode.debug-auto-launch {"startup":true,"extensionId":{"value":"vscode.debug-auto-launch","_lower":"vscode.debug-auto-launch"},"activationEvent":"*"}
[2021-05-11 07:35:19.707] [exthost] [info] ExtensionService#loadCommonJSModule file:///snap/code/63/usr/share/code/resources/app/extensions/debug-auto-launch/dist/extension
[2021-05-11 07:35:19.712] [exthost] [info] ExtensionService#_doActivateExtension vscode.git {"startup":true,"extensionId":{"value":"vscode.github","_lower":"vscode.github"},"activationEvent":"*"}
[2021-05-11 07:35:19.712] [exthost] [info] ExtensionService#loadCommonJSModule file:///snap/code/63/usr/share/code/resources/app/extensions/git/dist/main
[2021-05-11 07:35:19.733] [exthost] [info] ExtensionService#_doActivateExtension ms-toolsai.jupyter {"startup":true,"extensionId":{"value":"ms-python.python","_lower":"ms-python.python"},"activationEvent":"workspaceContains:requirements.txt"}
[2021-05-11 07:35:19.733] [exthost] [info] ExtensionService#loadCommonJSModule file:///home/joey/.vscode/extensions/ms-toolsai.jupyter-2021.6.811652604/out/client/extension
[2021-05-11 07:35:20.218] [exthost] [info] ExtensionService#_doActivateExtension vscode.github {"startup":true,"extensionId":{"value":"vscode.github","_lower":"vscode.github"},"activationEvent":"*"}
[2021-05-11 07:35:20.218] [exthost] [info] ExtensionService#loadCommonJSModule file:///snap/code/63/usr/share/code/resources/app/extensions/github/dist/extension.js
[2021-05-11 07:35:20.467] [exthost] [info] ExtensionService#_doActivateExtension ms-vscode.js-debug {"startup":false,"extensionId":{"value":"ms-vscode.js-debug","_lower":"ms-vscode.js-debug"},"activationEvent":"onCommand:extension.js-debug.clearAutoAttachVariables"}
[2021-05-11 07:35:20.467] [exthost] [info] ExtensionService#loadCommonJSModule file:///snap/code/63/usr/share/code/resources/app/extensions/ms-vscode.js-debug/src/extension.js
[2021-05-11 07:35:20.598] [exthost] [info] ExtensionService#_doActivateExtension vscode.configuration-editing {"startup":false,"extensionId":{"value":"vscode.configuration-editing","_lower":"vscode.configuration-editing"},"activationEvent":"onLanguage:jsonc"}
[2021-05-11 07:35:20.598] [exthost] [info] ExtensionService#loadCommonJSModule file:///snap/code/63/usr/share/code/resources/app/extensions/configuration-editing/dist/configurationEditingMain
[2021-05-11 07:35:20.604] [exthost] [info] ExtensionService#_doActivateExtension vscode.json-language-features {"startup":false,"extensionId":{"value":"vscode.json-language-features","_lower":"vscode.json-language-features"},"activationEvent":"onLanguage:jsonc"}
[2021-05-11 07:35:20.604] [exthost] [info] ExtensionService#loadCommonJSModule file:///snap/code/63/usr/share/code/resources/app/extensions/json-language-features/client/dist/node/jsonClientMain
[2021-05-11 07:35:20.666] [exthost] [info] ExtensionService#_doActivateExtension vscode.typescript-language-features {"startup":false,"extensionId":{"value":"vscode.typescript-language-features","_lower":"vscode.typescript-language-features"},"activationEvent":"onLanguage:jsonc"}
[2021-05-11 07:35:20.666] [exthost] [info] ExtensionService#loadCommonJSModule file:///snap/code/63/usr/share/code/resources/app/extensions/typescript-language-features/dist/extension
[2021-05-11 07:35:20.708] [exthost] [info] ExtensionService#_doActivateExtension vscode.github-authentication {"startup":false,"extensionId":{"value":"vscode.github-authentication","_lower":"vscode.github-authentication"},"activationEvent":"onAuthenticationRequest:github"}
[2021-05-11 07:35:20.709] [exthost] [info] ExtensionService#loadCommonJSModule file:///snap/code/63/usr/share/code/resources/app/extensions/github-authentication/dist/extension.js
[2021-05-11 07:35:20.784] [exthost] [info] ExtensionService#_doActivateExtension ms-python.python {"startup":true,"extensionId":{"value":"ms-python.python","_lower":"ms-python.python"},"activationEvent":"workspaceContains:requirements.txt"}
[2021-05-11 07:35:20.784] [exthost] [info] ExtensionService#loadCommonJSModule file:///home/joey/.vscode/extensions/ms-python.python-2021.5.829140558/out/client/extension
[2021-05-11 07:35:21.951] [exthost] [info] eager extensions activated
[2021-05-11 07:35:21.969] [exthost] [info] ExtensionService#_doActivateExtension vscode.emmet {"startup":false,"extensionId":{"value":"vscode.emmet","_lower":"vscode.emmet"},"activationEvent":"onStartupFinished"}
[2021-05-11 07:35:21.969] [exthost] [info] ExtensionService#loadCommonJSModule file:///snap/code/63/usr/share/code/resources/app/extensions/emmet/dist/node/emmetNodeMain
[2021-05-11 07:35:21.974] [exthost] [info] ExtensionService#_doActivateExtension vscode.merge-conflict {"startup":false,"extensionId":{"value":"vscode.merge-conflict","_lower":"vscode.merge-conflict"},"activationEvent":"onStartupFinished"}
[2021-05-11 07:35:21.974] [exthost] [info] ExtensionService#loadCommonJSModule file:///snap/code/63/usr/share/code/resources/app/extensions/merge-conflict/dist/mergeConflictMain
[2021-05-11 07:35:21.975] [exthost] [info] ExtensionService#_doActivateExtension vscode.testing-editor-contributions {"startup":false,"extensionId":{"value":"vscode.testing-editor-contributions","_lower":"vscode.testing-editor-contributions"},"activationEvent":"onStartupFinished"}
[2021-05-11 07:35:21.975] [exthost] [info] ExtensionService#loadCommonJSModule file:///snap/code/63/usr/share/code/resources/app/extensions/testing-editor-contributions/dist/extension.js
[2021-05-11 07:35:22.042] [exthost] [info] ExtensionService#_doActivateExtension ms-python.vscode-pylance {"startup":false,"extensionId":{"value":"ms-python.python","_lower":"ms-python.python"},"activationEvent":"api"}
[2021-05-11 07:35:22.042] [exthost] [info] ExtensionService#loadCommonJSModule file:///home/joey/.vscode/extensions/ms-python.vscode-pylance-2021.5.1/dist/extension.bundle.js
[2021-05-11 07:35:52.766] [exthost] [error] [ms-python.python] provider FAILED
[2021-05-11 07:35:52.766] [exthost] [error] Canceled: Canceled
	at E.makeCancelError (/home/joey/.vscode/extensions/ms-python.python-2021.5.829140558/out/client/extension.js:9:183478)
	at E.handleFailedRequest (/home/joey/.vscode/extensions/ms-python.python-2021.5.829140558/out/client/extension.js:9:183329)
	at /home/joey/.vscode/extensions/ms-python.python-2021.5.829140558/out/client/extension.js:9:143671
[2021-05-11 07:40:32.797] [exthost] [info] extension host terminating: received terminate message from renderer
[2021-05-11 07:40:33.900] [exthost] [info] exiting with code 0
