[2021-05-11 11:54:20.271] [exthost] [info] extension host started
[2021-05-11 11:54:20.499] [exthost] [info] ExtensionService#_doActivateExtension vscode.microsoft-authentication {"startup":false,"extensionId":{"value":"vscode.microsoft-authentication","_lower":"vscode.microsoft-authentication"},"activationEvent":"onAuthenticationRequest:microsoft"}
[2021-05-11 11:54:20.499] [exthost] [info] ExtensionService#loadCommonJSModule file:///snap/code/63/usr/share/code/resources/app/extensions/microsoft-authentication/dist/extension.js
[2021-05-11 11:54:20.517] [exthost] [info] ExtensionService#_doActivateExtension ms-toolsai.jupyter {"startup":false,"extensionId":{"value":"ms-toolsai.jupyter","_lower":"ms-toolsai.jupyter"},"activationEvent":"onLanguage:python"}
[2021-05-11 11:54:20.519] [exthost] [info] ExtensionService#loadCommonJSModule file:///home/joey/.vscode/extensions/ms-toolsai.jupyter-2021.6.811652604/out/client/extension
[2021-05-11 11:54:20.666] [exthost] [info] ExtensionService#_doActivateExtension vscode.debug-auto-launch {"startup":true,"extensionId":{"value":"vscode.debug-auto-launch","_lower":"vscode.debug-auto-launch"},"activationEvent":"*"}
[2021-05-11 11:54:20.666] [exthost] [info] ExtensionService#loadCommonJSModule file:///snap/code/63/usr/share/code/resources/app/extensions/debug-auto-launch/dist/extension
[2021-05-11 11:54:20.672] [exthost] [info] ExtensionService#_doActivateExtension vscode.git {"startup":true,"extensionId":{"value":"vscode.github","_lower":"vscode.github"},"activationEvent":"*"}
[2021-05-11 11:54:20.672] [exthost] [info] ExtensionService#loadCommonJSModule file:///snap/code/63/usr/share/code/resources/app/extensions/git/dist/main
[2021-05-11 11:54:21.010] [exthost] [info] ExtensionService#_doActivateExtension vscode.github {"startup":true,"extensionId":{"value":"vscode.github","_lower":"vscode.github"},"activationEvent":"*"}
[2021-05-11 11:54:21.010] [exthost] [info] ExtensionService#loadCommonJSModule file:///snap/code/63/usr/share/code/resources/app/extensions/github/dist/extension.js
[2021-05-11 11:54:21.837] [exthost] [info] ExtensionService#_doActivateExtension ms-vscode.js-debug {"startup":false,"extensionId":{"value":"ms-vscode.js-debug","_lower":"ms-vscode.js-debug"},"activationEvent":"onCommand:extension.js-debug.clearAutoAttachVariables"}
[2021-05-11 11:54:21.837] [exthost] [info] ExtensionService#loadCommonJSModule file:///snap/code/63/usr/share/code/resources/app/extensions/ms-vscode.js-debug/src/extension.js
[2021-05-11 11:54:22.281] [exthost] [info] ExtensionService#_doActivateExtension ms-python.python {"startup":false,"extensionId":{"value":"ms-python.vscode-pylance","_lower":"ms-python.vscode-pylance"},"activationEvent":"onLanguage:python"}
[2021-05-11 11:54:22.281] [exthost] [info] ExtensionService#loadCommonJSModule file:///home/joey/.vscode/extensions/ms-python.python-2021.5.829140558/out/client/extension
[2021-05-11 11:54:22.540] [exthost] [info] ExtensionService#_doActivateExtension vscode.github-authentication {"startup":false,"extensionId":{"value":"vscode.github-authentication","_lower":"vscode.github-authentication"},"activationEvent":"onAuthenticationRequest:github"}
[2021-05-11 11:54:22.540] [exthost] [info] ExtensionService#loadCommonJSModule file:///snap/code/63/usr/share/code/resources/app/extensions/github-authentication/dist/extension.js
[2021-05-11 11:54:23.067] [exthost] [info] eager extensions activated
[2021-05-11 11:54:23.182] [exthost] [info] ExtensionService#_doActivateExtension ms-python.vscode-pylance {"startup":false,"extensionId":{"value":"ms-python.vscode-pylance","_lower":"ms-python.vscode-pylance"},"activationEvent":"onLanguage:python"}
[2021-05-11 11:54:23.182] [exthost] [info] ExtensionService#loadCommonJSModule file:///home/joey/.vscode/extensions/ms-python.vscode-pylance-2021.5.1/dist/extension.bundle.js
[2021-05-11 11:54:23.368] [exthost] [info] ExtensionService#_doActivateExtension vscode.emmet {"startup":false,"extensionId":{"value":"vscode.emmet","_lower":"vscode.emmet"},"activationEvent":"onStartupFinished"}
[2021-05-11 11:54:23.368] [exthost] [info] ExtensionService#loadCommonJSModule file:///snap/code/63/usr/share/code/resources/app/extensions/emmet/dist/node/emmetNodeMain
[2021-05-11 11:54:23.386] [exthost] [info] ExtensionService#_doActivateExtension vscode.merge-conflict {"startup":false,"extensionId":{"value":"vscode.merge-conflict","_lower":"vscode.merge-conflict"},"activationEvent":"onStartupFinished"}
[2021-05-11 11:54:23.386] [exthost] [info] ExtensionService#loadCommonJSModule file:///snap/code/63/usr/share/code/resources/app/extensions/merge-conflict/dist/mergeConflictMain
[2021-05-11 11:54:23.391] [exthost] [info] ExtensionService#_doActivateExtension vscode.testing-editor-contributions {"startup":false,"extensionId":{"value":"vscode.testing-editor-contributions","_lower":"vscode.testing-editor-contributions"},"activationEvent":"onStartupFinished"}
[2021-05-11 11:54:23.391] [exthost] [info] ExtensionService#loadCommonJSModule file:///snap/code/63/usr/share/code/resources/app/extensions/testing-editor-contributions/dist/extension.js
